<?xml version="1.0" encoding="UTF-8"?>
<!-- Generated by org.testng.reporters.JUnitReportReporter -->
<testsuite hostname="LAPTOP-GJ2C992H" failures="0" tests="3" name="dev.project2.Service.Implementation.ReviewImpTest" time="0.002" errors="0" timestamp="2022-01-12T18:19:24 EST" skipped="0">
  <testcase classname="dev.project2.Service.Implementation.ReviewImpTest" name="testGetPendingReviews" time="0.000"/>
  <system-out/>
  <testcase classname="dev.project2.Service.Implementation.ReviewImpTest" name="getReviewFail" time="0.001"/>
  <system-out/>
  <testcase classname="dev.project2.Service.Implementation.ReviewImpTest" name="testNotNullReviews" time="0.001"/>
  <system-out/>
</testsuite> <!-- dev.project2.Service.Implementation.ReviewImpTest -->
