<?xml version="1.0" encoding="UTF-8"?>
<!-- Generated by org.testng.reporters.JUnitReportReporter -->
<testsuite hostname="LAPTOP-GJ2C992H" failures="0" tests="4" name="dev.project2.Service.Implementation.ContactUsImpTest" time="0.017" errors="0" timestamp="2022-01-12T18:19:24 EST" skipped="0">
  <testcase classname="dev.project2.Service.Implementation.ContactUsImpTest" name="getAllContactRequestsFail" time="0.012"/>
  <system-out/>
  <testcase classname="dev.project2.Service.Implementation.ContactUsImpTest" name="getContactRequestFail" time="0.003"/>
  <system-out/>
  <testcase classname="dev.project2.Service.Implementation.ContactUsImpTest" name="getPendingContactRequestsFail" time="0.001"/>
  <system-out/>
  <testcase classname="dev.project2.Service.Implementation.ContactUsImpTest" name="getCompletedContactRequestsFail" time="0.001"/>
  <system-out/>
</testsuite> <!-- dev.project2.Service.Implementation.ContactUsImpTest -->
