<?xml version="1.0" encoding="UTF-8"?>
<!-- Generated by org.testng.reporters.JUnitReportReporter -->
<testsuite hostname="LAPTOP-GJ2C992H" failures="0" tests="7" name="dev.project2.DAO.Implementation.ReviewDaoImpTest" time="6.362" errors="0" timestamp="2022-01-12T18:19:24 EST" skipped="0">
  <testcase classname="dev.project2.DAO.Implementation.ReviewDaoImpTest" name="testNotNullReviews" time="0.898"/>
  <system-out/>
  <testcase classname="dev.project2.DAO.Implementation.ReviewDaoImpTest" name="testGetAllReviews" time="0.894"/>
  <system-out/>
  <testcase classname="dev.project2.DAO.Implementation.ReviewDaoImpTest" name="testDeleteReview" time="0.999"/>
  <system-out/>
  <testcase classname="dev.project2.DAO.Implementation.ReviewDaoImpTest" name="testGetReview" time="0.905"/>
  <system-out/>
  <testcase classname="dev.project2.DAO.Implementation.ReviewDaoImpTest" name="testUpdateReview" time="0.913"/>
  <system-out/>
  <testcase classname="dev.project2.DAO.Implementation.ReviewDaoImpTest" name="testGetPendingReviews" time="0.912"/>
  <system-out/>
  <testcase classname="dev.project2.DAO.Implementation.ReviewDaoImpTest" name="testCreateReview" time="0.841"/>
  <system-out/>
</testsuite> <!-- dev.project2.DAO.Implementation.ReviewDaoImpTest -->
