<?xml version="1.0" encoding="UTF-8"?>
<!-- Generated by org.testng.reporters.JUnitReportReporter -->
<testsuite hostname="LAPTOP-GJ2C992H" failures="0" tests="7" name="dev.project2.DAO.Implementation.ContactUsImpTest" time="6.612" errors="0" timestamp="2022-01-12T18:19:24 EST" skipped="0">
  <testcase classname="dev.project2.DAO.Implementation.ContactUsImpTest" name="testDeleteContactRequest" time="0.894"/>
  <system-out/>
  <testcase classname="dev.project2.DAO.Implementation.ContactUsImpTest" name="getPendingContactRequests" time="1.136"/>
  <system-out/>
  <testcase classname="dev.project2.DAO.Implementation.ContactUsImpTest" name="selectContactRequestById" time="0.896"/>
  <system-out/>
  <testcase classname="dev.project2.DAO.Implementation.ContactUsImpTest" name="testCreateContactUs" time="0.875"/>
  <system-out/>
  <testcase classname="dev.project2.DAO.Implementation.ContactUsImpTest" name="getAllContactRequests" time="1.098"/>
  <system-out/>
  <testcase classname="dev.project2.DAO.Implementation.ContactUsImpTest" name="getCompletedContactRequests" time="0.863"/>
  <system-out/>
  <testcase classname="dev.project2.DAO.Implementation.ContactUsImpTest" name="testUpdateContactRequest" time="0.850"/>
  <system-out/>
</testsuite> <!-- dev.project2.DAO.Implementation.ContactUsImpTest -->
