<?xml version="1.0" encoding="UTF-8"?>
<!-- Generated by org.testng.reporters.JUnitReportReporter -->
<testsuite hostname="LAPTOP-GJ2C992H" failures="0" tests="5" name="dev.project2.Service.Implementation.WebUserServiceTests" time="0.013" errors="0" timestamp="2022-01-12T18:19:24 EST" skipped="0">
  <testcase classname="dev.project2.Service.Implementation.WebUserServiceTests" name="testMakeModeratorPass" time="0.009"/>
  <system-out/>
  <testcase classname="dev.project2.Service.Implementation.WebUserServiceTests" name="testWebUserLoginCheckPasswordFail" time="0.001"/>
  <system-out/>
  <testcase classname="dev.project2.Service.Implementation.WebUserServiceTests" name="testWebUserLoginCheckEmailFail" time="0.001"/>
  <system-out/>
  <testcase classname="dev.project2.Service.Implementation.WebUserServiceTests" name="testMakeModeratorFail" time="0.001"/>
  <system-out/>
  <testcase classname="dev.project2.Service.Implementation.WebUserServiceTests" name="testWebUserLoginCheckPass" time="0.001"/>
  <system-out/>
</testsuite> <!-- dev.project2.Service.Implementation.WebUserServiceTests -->
