<?xml version="1.0" encoding="UTF-8"?>
<!-- Generated by org.testng.reporters.JUnitReportReporter -->
<testsuite hostname="LAPTOP-GJ2C992H" failures="0" tests="1" name="dev.project2.Service.Implementation.MediaServiceTests" time="0.000" errors="0" timestamp="2022-01-12T18:19:24 EST" skipped="0">
  <testcase classname="dev.project2.Service.Implementation.MediaServiceTests" name="approveMediaFail" time="0.000"/>
  <system-out/>
</testsuite> <!-- dev.project2.Service.Implementation.MediaServiceTests -->
