<?xml version="1.0" encoding="UTF-8"?>
<!-- Generated by org.testng.reporters.JUnitReportReporter -->
<testsuite hostname="LAPTOP-GJ2C992H" failures="0" tests="6" name="dev.project2.DAO.Implementation.WebUserDAOTests" time="5.178" errors="0" timestamp="2022-01-12T18:19:24 EST" skipped="0">
  <testcase classname="dev.project2.DAO.Implementation.WebUserDAOTests" name="testGetAllWebUsers" time="0.884"/>
  <system-out/>
  <testcase classname="dev.project2.DAO.Implementation.WebUserDAOTests" name="testUpdateWebUser" time="0.864"/>
  <system-out/>
  <testcase classname="dev.project2.DAO.Implementation.WebUserDAOTests" name="testCreateWebUser" time="0.920"/>
  <system-out/>
  <testcase classname="dev.project2.DAO.Implementation.WebUserDAOTests" name="testGetWebUserByEmail" time="0.782"/>
  <system-out/>
  <testcase classname="dev.project2.DAO.Implementation.WebUserDAOTests" name="testDeleteWebUser" time="0.869"/>
  <system-out/>
  <testcase classname="dev.project2.DAO.Implementation.WebUserDAOTests" name="testGetWebUserById" time="0.859"/>
  <system-out/>
</testsuite> <!-- dev.project2.DAO.Implementation.WebUserDAOTests -->
