<?xml version="1.0" encoding="UTF-8"?>
<!-- Generated by org.testng.reporters.JUnitReportReporter -->
<testsuite hostname="LAPTOP-GJ2C992H" failures="0" tests="9" name="dev.project2.DAO.Implementation.MediaDAOImpTest" time="7.860" errors="0" timestamp="2022-01-12T18:19:24 EST" skipped="0">
  <testcase classname="dev.project2.DAO.Implementation.MediaDAOImpTest" name="testGetPendingMedia" time="0.851"/>
  <system-out/>
  <testcase classname="dev.project2.DAO.Implementation.MediaDAOImpTest" name="testGetAllGames" time="0.868"/>
  <system-out/>
  <testcase classname="dev.project2.DAO.Implementation.MediaDAOImpTest" name="testCreateNewMedia" time="0.944"/>
  <system-out/>
  <testcase classname="dev.project2.DAO.Implementation.MediaDAOImpTest" name="testDeleteMedia" time="0.848"/>
  <system-out/>
  <testcase classname="dev.project2.DAO.Implementation.MediaDAOImpTest" name="testGetAllMovies" time="0.888"/>
  <system-out/>
  <testcase classname="dev.project2.DAO.Implementation.MediaDAOImpTest" name="testGetMediaByUserId" time="0.824"/>
  <system-out/>
  <testcase classname="dev.project2.DAO.Implementation.MediaDAOImpTest" name="testApproveMedia" time="0.873"/>
  <system-out/>
  <testcase classname="dev.project2.DAO.Implementation.MediaDAOImpTest" name="testGetAllBooks" time="0.841"/>
  <system-out/>
  <testcase classname="dev.project2.DAO.Implementation.MediaDAOImpTest" name="testGetApprovedMedia" time="0.923"/>
  <system-out/>
</testsuite> <!-- dev.project2.DAO.Implementation.MediaDAOImpTest -->
